{
  "0 debug pnpm:scope": {
    "selected": 1,
    "workspacePrefix": "C:\\Users\\xtrem\\Desktop\\vortex"
  },
  "1 error pnpm": {
    "errno": 1,
    "code": "ELIFECYCLE",
    "pkgid": "@nextui-org/docs@1.0.1-alpha.57",
    "stage": "dev",
    "script": "next dev",
    "pkgname": "@nextui-org/docs",
    "err": {
      "name": "pnpm",
      "message": "@nextui-org/docs@1.0.1-alpha.57 dev: `next dev`\nExit status 1",
      "code": "ELIFECYCLE",
      "stack": "pnpm: @nextui-org/docs@1.0.1-alpha.57 dev: `next dev`\nExit status 1\n    at EventEmitter.<anonymous> (C:\\Users\\xtrem\\AppData\\Roaming\\npm\\node_modules\\pnpm\\dist\\pnpm.cjs:103853:20)\n    at EventEmitter.emit (node:events:390:28)\n    at ChildProcess.<anonymous> (C:\\Users\\xtrem\\AppData\\Roaming\\npm\\node_modules\\pnpm\\dist\\pnpm.cjs:91782:18)\n    at ChildProcess.emit (node:events:390:28)\n    at maybeClose (node:internal/child_process:1064:16)\n    at Process.ChildProcess._handle.onexit (node:internal/child_process:301:5)"
    }
  }
}